<?xml version="1.0" encoding="UTF-8"?>
<!-- Generated by org.testng.reporters.JUnitReportReporter -->
<testsuite skipped="0" hostname="LAPTOP-CHPRGC7C" name="testCases.ReadAllProducts" tests="1" failures="0" timestamp="2022-07-15T18:50:20 CDT" time="5.811" errors="0">
  <testcase name="readAllProducts" time="5.811" classname="testCases.ReadAllProducts"/>
  <system-out/>
</testsuite> <!-- testCases.ReadAllProducts -->
